<?xml version="1.0" encoding="UTF-8"?>
<testsuite xmlns:xsi="http://www.w3.org/2001/XMLSchema-instance" xsi:noNamespaceSchemaLocation="https://maven.apache.org/surefire/maven-failsafe-plugin/xsd/failsafe-test-report-3.0.xsd" version="3.0" name="Book a holiday trip" time="0.304" tests="1" errors="1" skipped="0" failures="0">
  <properties>
    <property name="gopherProxySet" value="false"/>
    <property name="awt.toolkit" value="sun.lwawt.macosx.LWCToolkit"/>
    <property name="file.encoding.pkg" value="sun.io"/>
    <property name="java.specification.version" value="1.8"/>
    <property name="sun.cpu.isalist" value=""/>
    <property name="sun.jnu.encoding" value="UTF-8"/>
    <property name="java.class.path" value="/Users/preethykrishnamoorthy/Documents/serenity-cucumber_pom-mailtravel/target/test-classes:/Users/preethykrishnamoorthy/Documents/serenity-cucumber_pom-mailtravel/target/serenity-cucumber_pom-mailtravel-1.0-SNAPSHOT.jar:/Users/preethykrishnamoorthy/.m2/repository/ch/qos/logback/logback-classic/1.0.13/logback-classic-1.0.13.jar:/Users/preethykrishnamoorthy/.m2/repository/ch/qos/logback/logback-core/1.0.13/logback-core-1.0.13.jar:/Users/preethykrishnamoorthy/.m2/repository/org/slf4j/slf4j-api/1.7.5/slf4j-api-1.7.5.jar:/Users/preethykrishnamoorthy/.m2/repository/net/serenity-bdd/serenity-core/2.3.10/serenity-core-2.3.10.jar:/Users/preethykrishnamoorthy/.m2/repository/net/bytebuddy/byte-buddy/1.10.10/byte-buddy-1.10.10.jar:/Users/preethykrishnamoorthy/.m2/repository/net/bytebuddy/byte-buddy-agent/1.10.10/byte-buddy-agent-1.10.10.jar:/Users/preethykrishnamoorthy/.m2/repository/com/google/guava/guava/25.0-jre/guava-25.0-jre.jar:/Users/preethykrishnamoorthy/.m2/repository/com/google/code/findbugs/jsr305/1.3.9/jsr305-1.3.9.jar:/Users/preethykrishnamoorthy/.m2/repository/org/checkerframework/checker-compat-qual/2.0.0/checker-compat-qual-2.0.0.jar:/Users/preethykrishnamoorthy/.m2/repository/com/google/errorprone/error_prone_annotations/2.1.3/error_prone_annotations-2.1.3.jar:/Users/preethykrishnamoorthy/.m2/repository/com/google/j2objc/j2objc-annotations/1.1/j2objc-annotations-1.1.jar:/Users/preethykrishnamoorthy/.m2/repository/org/codehaus/mojo/animal-sniffer-annotations/1.14/animal-sniffer-annotations-1.14.jar:/Users/preethykrishnamoorthy/.m2/repository/com/google/inject/guice/4.2.2/guice-4.2.2.jar:/Users/preethykrishnamoorthy/.m2/repository/javax/inject/javax.inject/1/javax.inject-1.jar:/Users/preethykrishnamoorthy/.m2/repository/aopalliance/aopalliance/1.0/aopalliance-1.0.jar:/Users/preethykrishnamoorthy/.m2/repository/org/ow2/asm/asm/8.0.1/asm-8.0.1.jar:/Users/preethykrishnamoorthy/.m2/repository/commons-codec/commons-codec/1.10/commons-codec-1.10.jar:/Users/preethykrishnamoorthy/.m2/repository/org/objenesis/objenesis/3.1/objenesis-3.1.jar:/Users/preethykrishnamoorthy/.m2/repository/xml-apis/xml-apis/1.4.01/xml-apis-1.4.01.jar:/Users/preethykrishnamoorthy/.m2/repository/io/cucumber/cucumber-core/6.6.0/cucumber-core-6.6.0.jar:/Users/preethykrishnamoorthy/.m2/repository/io/cucumber/cucumber-gherkin/6.6.0/cucumber-gherkin-6.6.0.jar:/Users/preethykrishnamoorthy/.m2/repository/io/cucumber/cucumber-gherkin-messages/6.6.0/cucumber-gherkin-messages-6.6.0.jar:/Users/preethykrishnamoorthy/.m2/repository/io/cucumber/messages/13.0.1/messages-13.0.1.jar:/Users/preethykrishnamoorthy/.m2/repository/io/cucumber/tag-expressions/3.0.0/tag-expressions-3.0.0.jar:/Users/preethykrishnamoorthy/.m2/repository/io/cucumber/cucumber-expressions/10.3.0/cucumber-expressions-10.3.0.jar:/Users/preethykrishnamoorthy/.m2/repository/io/cucumber/datatable/3.4.0/datatable-3.4.0.jar:/Users/preethykrishnamoorthy/.m2/repository/io/cucumber/cucumber-plugin/6.6.0/cucumber-plugin-6.6.0.jar:/Users/preethykrishnamoorthy/.m2/repository/io/cucumber/docstring/6.6.0/docstring-6.6.0.jar:/Users/preethykrishnamoorthy/.m2/repository/io/cucumber/html-formatter/9.0.0/html-formatter-9.0.0.jar:/Users/preethykrishnamoorthy/.m2/repository/io/cucumber/create-meta/2.0.1/create-meta-2.0.1.jar:/Users/preethykrishnamoorthy/.m2/repository/io/cucumber/cucumber-java/6.6.0/cucumber-java-6.6.0.jar:/Users/preethykrishnamoorthy/.m2/repository/commons-logging/commons-logging/1.2/commons-logging-1.2.jar:/Users/preethykrishnamoorthy/.m2/repository/io/vavr/vavr/0.9.0/vavr-0.9.0.jar:/Users/preethykrishnamoorthy/.m2/repository/io/vavr/vavr-match/0.9.0/vavr-match-0.9.0.jar:/Users/preethykrishnamoorthy/.m2/repository/javax/xml/bind/jaxb-api/2.3.1/jaxb-api-2.3.1.jar:/Users/preethykrishnamoorthy/.m2/repository/javax/activation/javax.activation-api/1.2.0/javax.activation-api-1.2.0.jar:/Users/preethykrishnamoorthy/.m2/repository/com/sun/xml/bind/jaxb-core/2.3.0.1/jaxb-core-2.3.0.1.jar:/Users/preethykrishnamoorthy/.m2/repository/com/sun/xml/bind/jaxb-impl/2.3.3/jaxb-impl-2.3.3.jar:/Users/preethykrishnamoorthy/.m2/repository/jakarta/xml/bind/jakarta.xml.bind-api/2.3.3/jakarta.xml.bind-api-2.3.3.jar:/Users/preethykrishnamoorthy/.m2/repository/com/sun/activation/jakarta.activation/1.2.2/jakarta.activation-1.2.2.jar:/Users/preethykrishnamoorthy/.m2/repository/javax/activation/activation/1.1.1/activation-1.1.1.jar:/Users/preethykrishnamoorthy/.m2/repository/org/mockito/mockito-core/3.1.0/mockito-core-3.1.0.jar:/Users/preethykrishnamoorthy/.m2/repository/net/serenity-bdd/serenity-report-resources/2.3.10/serenity-report-resources-2.3.10.jar:/Users/preethykrishnamoorthy/.m2/repository/net/serenity-bdd/serenity-model/2.3.10/serenity-model-2.3.10.jar:/Users/preethykrishnamoorthy/.m2/repository/commons-net/commons-net/3.6/commons-net-3.6.jar:/Users/preethykrishnamoorthy/.m2/repository/org/apache/commons/commons-text/1.8/commons-text-1.8.jar:/Users/preethykrishnamoorthy/.m2/repository/org/reflections/reflections/0.9.11/reflections-0.9.11.jar:/Users/preethykrishnamoorthy/.m2/repository/org/javassist/javassist/3.21.0-GA/javassist-3.21.0-GA.jar:/Users/preethykrishnamoorthy/.m2/repository/es/nitaur/markdown/txtmark/0.16/txtmark-0.16.jar:/Users/preethykrishnamoorthy/.m2/repository/net/serenity-bdd/serenity-reports/2.3.10/serenity-reports-2.3.10.jar:/Users/preethykrishnamoorthy/.m2/repository/net/serenity-bdd/serenity-stats/2.3.10/serenity-stats-2.3.10.jar:/Users/preethykrishnamoorthy/.m2/repository/org/jetbrains/kotlin/kotlin-stdlib-jdk8/1.4.10/kotlin-stdlib-jdk8-1.4.10.jar:/Users/preethykrishnamoorthy/.m2/repository/org/jetbrains/kotlin/kotlin-stdlib-jdk7/1.4.10/kotlin-stdlib-jdk7-1.4.10.jar:/Users/preethykrishnamoorthy/.m2/repository/com/google/code/gson/gson/2.8.6/gson-2.8.6.jar:/Users/preethykrishnamoorthy/.m2/repository/commons-io/commons-io/2.6/commons-io-2.6.jar:/Users/preethykrishnamoorthy/.m2/repository/org/seleniumhq/selenium/selenium-server/3.141.59/selenium-server-3.141.59.jar:/Users/preethykrishnamoorthy/.m2/repository/org/seleniumhq/selenium/selenium-firefox-driver/3.141.59/selenium-firefox-driver-3.141.59.jar:/Users/preethykrishnamoorthy/.m2/repository/org/seleniumhq/selenium/selenium-ie-driver/3.141.59/selenium-ie-driver-3.141.59.jar:/Users/preethykrishnamoorthy/.m2/repository/com/beust/jcommander/1.72/jcommander-1.72.jar:/Users/preethykrishnamoorthy/.m2/repository/org/apache/commons/commons-exec/1.3/commons-exec-1.3.jar:/Users/preethykrishnamoorthy/.m2/repository/net/jcip/jcip-annotations/1.0/jcip-annotations-1.0.jar:/Users/preethykrishnamoorthy/.m2/repository/org/seleniumhq/selenium/jetty-repacked/9.4.12.v20180830/jetty-repacked-9.4.12.v20180830.jar:/Users/preethykrishnamoorthy/.m2/repository/com/squareup/okhttp3/okhttp/3.11.0/okhttp-3.11.0.jar:/Users/preethykrishnamoorthy/.m2/repository/com/squareup/okio/okio/1.14.0/okio-1.14.0.jar:/Users/preethykrishnamoorthy/.m2/repository/javax/servlet/javax.servlet-api/3.1.0/javax.servlet-api-3.1.0.jar:/Users/preethykrishnamoorthy/.m2/repository/org/yaml/snakeyaml/1.19/snakeyaml-1.19.jar:/Users/preethykrishnamoorthy/.m2/repository/org/seleniumhq/selenium/selenium-java/3.141.59/selenium-java-3.141.59.jar:/Users/preethykrishnamoorthy/.m2/repository/org/seleniumhq/selenium/selenium-api/3.141.59/selenium-api-3.141.59.jar:/Users/preethykrishnamoorthy/.m2/repository/org/seleniumhq/selenium/selenium-chrome-driver/3.141.59/selenium-chrome-driver-3.141.59.jar:/Users/preethykrishnamoorthy/.m2/repository/org/seleniumhq/selenium/selenium-edge-driver/3.141.59/selenium-edge-driver-3.141.59.jar:/Users/preethykrishnamoorthy/.m2/repository/org/seleniumhq/selenium/selenium-remote-driver/3.141.59/selenium-remote-driver-3.141.59.jar:/Users/preethykrishnamoorthy/.m2/repository/org/seleniumhq/selenium/selenium-safari-driver/3.141.59/selenium-safari-driver-3.141.59.jar:/Users/preethykrishnamoorthy/.m2/repository/org/seleniumhq/selenium/selenium-opera-driver/3.141.59/selenium-opera-driver-3.141.59.jar:/Users/preethykrishnamoorthy/.m2/repository/org/seleniumhq/selenium/selenium-support/3.141.59/selenium-support-3.141.59.jar:/Users/preethykrishnamoorthy/.m2/repository/com/paulhammant/ngwebdriver/1.1.5/ngwebdriver-1.1.5.jar:/Users/preethykrishnamoorthy/.m2/repository/com/assertthat/selenium-shutterbug/0.9.3/selenium-shutterbug-0.9.3.jar:/Users/preethykrishnamoorthy/.m2/repository/org/projectlombok/lombok/1.18.8/lombok-1.18.8.jar:/Users/preethykrishnamoorthy/.m2/repository/com/github/zafarkhaja/java-semver/0.9.0/java-semver-0.9.0.jar:/Users/preethykrishnamoorthy/.m2/repository/com/codeborne/phantomjsdriver/1.4.4/phantomjsdriver-1.4.4.jar:/Users/preethykrishnamoorthy/.m2/repository/org/seleniumhq/selenium/htmlunit-driver/2.45.0/htmlunit-driver-2.45.0.jar:/Users/preethykrishnamoorthy/.m2/repository/io/appium/java-client/7.3.0/java-client-7.3.0.jar:/Users/preethykrishnamoorthy/.m2/repository/commons-validator/commons-validator/1.6/commons-validator-1.6.jar:/Users/preethykrishnamoorthy/.m2/repository/commons-beanutils/commons-beanutils/1.9.2/commons-beanutils-1.9.2.jar:/Users/preethykrishnamoorthy/.m2/repository/commons-digester/commons-digester/1.8.1/commons-digester-1.8.1.jar:/Users/preethykrishnamoorthy/.m2/repository/org/aspectj/aspectjweaver/1.9.4/aspectjweaver-1.9.4.jar:/Users/preethykrishnamoorthy/.m2/repository/org/springframework/spring-context-support/5.1.2.RELEASE/spring-context-support-5.1.2.RELEASE.jar:/Users/preethykrishnamoorthy/.m2/repository/org/springframework/spring-beans/5.1.2.RELEASE/spring-beans-5.1.2.RELEASE.jar:/Users/preethykrishnamoorthy/.m2/repository/org/springframework/spring-context/5.1.2.RELEASE/spring-context-5.1.2.RELEASE.jar:/Users/preethykrishnamoorthy/.m2/repository/org/springframework/spring-aop/5.1.2.RELEASE/spring-aop-5.1.2.RELEASE.jar:/Users/preethykrishnamoorthy/.m2/repository/org/springframework/spring-expression/5.1.2.RELEASE/spring-expression-5.1.2.RELEASE.jar:/Users/preethykrishnamoorthy/.m2/repository/org/springframework/spring-core/5.1.2.RELEASE/spring-core-5.1.2.RELEASE.jar:/Users/preethykrishnamoorthy/.m2/repository/org/springframework/spring-jcl/5.1.2.RELEASE/spring-jcl-5.1.2.RELEASE.jar:/Users/preethykrishnamoorthy/.m2/repository/org/codehaus/groovy/groovy/3.0.6/groovy-3.0.6.jar:/Users/preethykrishnamoorthy/.m2/repository/net/sf/opencsv/opencsv/2.0/opencsv-2.0.jar:/Users/preethykrishnamoorthy/.m2/repository/commons-beanutils/commons-beanutils-core/1.8.3/commons-beanutils-core-1.8.3.jar:/Users/preethykrishnamoorthy/.m2/repository/joda-time/joda-time/2.7/joda-time-2.7.jar:/Users/preethykrishnamoorthy/.m2/repository/com/thoughtworks/xstream/xstream/1.4.13/xstream-1.4.13.jar:/Users/preethykrishnamoorthy/.m2/repository/xmlpull/xmlpull/1.1.3.1/xmlpull-1.1.3.1.jar:/Users/preethykrishnamoorthy/.m2/repository/xpp3/xpp3_min/1.1.4c/xpp3_min-1.1.4c.jar:/Users/preethykrishnamoorthy/.m2/repository/org/apache/commons/commons-lang3/3.8.1/commons-lang3-3.8.1.jar:/Users/preethykrishnamoorthy/.m2/repository/commons-collections/commons-collections/3.2.2/commons-collections-3.2.2.jar:/Users/preethykrishnamoorthy/.m2/repository/org/freemarker/freemarker/2.3.29/freemarker-2.3.29.jar:/Users/preethykrishnamoorthy/.m2/repository/net/sourceforge/jexcelapi/jxl/2.6.12/jxl-2.6.12.jar:/Users/preethykrishnamoorthy/.m2/repository/org/hamcrest/hamcrest-core/1.3/hamcrest-core-1.3.jar:/Users/preethykrishnamoorthy/.m2/repository/org/hamcrest/hamcrest-library/1.3/hamcrest-library-1.3.jar:/Users/preethykrishnamoorthy/.m2/repository/net/sourceforge/htmlunit/htmlunit/2.45.0/htmlunit-2.45.0.jar:/Users/preethykrishnamoorthy/.m2/repository/net/sourceforge/htmlunit/htmlunit-core-js/2.45.0/htmlunit-core-js-2.45.0.jar:/Users/preethykrishnamoorthy/.m2/repository/net/sourceforge/htmlunit/neko-htmlunit/2.45.0/neko-htmlunit-2.45.0.jar:/Users/preethykrishnamoorthy/.m2/repository/xerces/xercesImpl/2.12.0/xercesImpl-2.12.0.jar:/Users/preethykrishnamoorthy/.m2/repository/net/sourceforge/htmlunit/htmlunit-cssparser/1.7.0/htmlunit-cssparser-1.7.0.jar:/Users/preethykrishnamoorthy/.m2/repository/org/brotli/dec/0.1.2/dec-0.1.2.jar:/Users/preethykrishnamoorthy/.m2/repository/com/shapesecurity/salvation2/3.0.0/salvation2-3.0.0.jar:/Users/preethykrishnamoorthy/.m2/repository/org/eclipse/jetty/websocket/websocket-client/9.4.34.v20201102/websocket-client-9.4.34.v20201102.jar:/Users/preethykrishnamoorthy/.m2/repository/org/eclipse/jetty/jetty-client/9.4.34.v20201102/jetty-client-9.4.34.v20201102.jar:/Users/preethykrishnamoorthy/.m2/repository/org/eclipse/jetty/jetty-http/9.4.34.v20201102/jetty-http-9.4.34.v20201102.jar:/Users/preethykrishnamoorthy/.m2/repository/org/eclipse/jetty/jetty-util/9.4.34.v20201102/jetty-util-9.4.34.v20201102.jar:/Users/preethykrishnamoorthy/.m2/repository/org/eclipse/jetty/jetty-io/9.4.34.v20201102/jetty-io-9.4.34.v20201102.jar:/Users/preethykrishnamoorthy/.m2/repository/org/eclipse/jetty/websocket/websocket-common/9.4.34.v20201102/websocket-common-9.4.34.v20201102.jar:/Users/preethykrishnamoorthy/.m2/repository/org/eclipse/jetty/websocket/websocket-api/9.4.34.v20201102/websocket-api-9.4.34.v20201102.jar:/Users/preethykrishnamoorthy/.m2/repository/org/apache/httpcomponents/httpclient/4.5.5/httpclient-4.5.5.jar:/Users/preethykrishnamoorthy/.m2/repository/org/apache/httpcomponents/httpcore/4.4.9/httpcore-4.4.9.jar:/Users/preethykrishnamoorthy/.m2/repository/org/apache/httpcomponents/httpmime/4.5.5/httpmime-4.5.5.jar:/Users/preethykrishnamoorthy/.m2/repository/org/fluentlenium/fluentlenium-core/0.10.2/fluentlenium-core-0.10.2.jar:/Users/preethykrishnamoorthy/.m2/repository/com/jhlabs/filters/2.0.235/filters-2.0.235.jar:/Users/preethykrishnamoorthy/.m2/repository/org/asciidoctor/asciidoctorj/1.5.6/asciidoctorj-1.5.6.jar:/Users/preethykrishnamoorthy/.m2/repository/org/jruby/jruby-complete/1.7.26/jruby-complete-1.7.26.jar:/Users/preethykrishnamoorthy/.m2/repository/org/imgscalr/imgscalr-lib/4.2/imgscalr-lib-4.2.jar:/Users/preethykrishnamoorthy/.m2/repository/javax/el/javax.el-api/2.2.4/javax.el-api-2.2.4.jar:/Users/preethykrishnamoorthy/.m2/repository/org/glassfish/web/javax.el/2.2.4/javax.el-2.2.4.jar:/Users/preethykrishnamoorthy/.m2/repository/xalan/xalan/2.7.2/xalan-2.7.2.jar:/Users/preethykrishnamoorthy/.m2/repository/xalan/serializer/2.7.2/serializer-2.7.2.jar:/Users/preethykrishnamoorthy/.m2/repository/org/awaitility/awaitility/4.0.1/awaitility-4.0.1.jar:/Users/preethykrishnamoorthy/.m2/repository/org/hamcrest/hamcrest/2.1/hamcrest-2.1.jar:/Users/preethykrishnamoorthy/.m2/repository/com/typesafe/config/1.3.1/config-1.3.1.jar:/Users/preethykrishnamoorthy/.m2/repository/org/jsoup/jsoup/1.10.3/jsoup-1.10.3.jar:/Users/preethykrishnamoorthy/.m2/repository/com/google/jimfs/jimfs/1.1/jimfs-1.1.jar:/Users/preethykrishnamoorthy/.m2/repository/com/vladsch/flexmark/flexmark-all/0.34.30/flexmark-all-0.34.30.jar:/Users/preethykrishnamoorthy/.m2/repository/com/vladsch/flexmark/flexmark/0.34.30/flexmark-0.34.30.jar:/Users/preethykrishnamoorthy/.m2/repository/com/vladsch/flexmark/flexmark-ext-abbreviation/0.34.30/flexmark-ext-abbreviation-0.34.30.jar:/Users/preethykrishnamoorthy/.m2/repository/com/vladsch/flexmark/flexmark-ext-admonition/0.34.30/flexmark-ext-admonition-0.34.30.jar:/Users/preethykrishnamoorthy/.m2/repository/com/vladsch/flexmark/flexmark-ext-anchorlink/0.34.30/flexmark-ext-anchorlink-0.34.30.jar:/Users/preethykrishnamoorthy/.m2/repository/com/vladsch/flexmark/flexmark-ext-aside/0.34.30/flexmark-ext-aside-0.34.30.jar:/Users/preethykrishnamoorthy/.m2/repository/com/vladsch/flexmark/flexmark-ext-attributes/0.34.30/flexmark-ext-attributes-0.34.30.jar:/Users/preethykrishnamoorthy/.m2/repository/com/vladsch/flexmark/flexmark-ext-autolink/0.34.30/flexmark-ext-autolink-0.34.30.jar:/Users/preethykrishnamoorthy/.m2/repository/org/nibor/autolink/autolink/0.6.0/autolink-0.6.0.jar:/Users/preethykrishnamoorthy/.m2/repository/com/vladsch/flexmark/flexmark-ext-definition/0.34.30/flexmark-ext-definition-0.34.30.jar:/Users/preethykrishnamoorthy/.m2/repository/com/vladsch/flexmark/flexmark-ext-emoji/0.34.30/flexmark-ext-emoji-0.34.30.jar:/Users/preethykrishnamoorthy/.m2/repository/com/vladsch/flexmark/flexmark-ext-enumerated-reference/0.34.30/flexmark-ext-enumerated-reference-0.34.30.jar:/Users/preethykrishnamoorthy/.m2/repository/com/vladsch/flexmark/flexmark-ext-escaped-character/0.34.30/flexmark-ext-escaped-character-0.34.30.jar:/Users/preethykrishnamoorthy/.m2/repository/com/vladsch/flexmark/flexmark-ext-footnotes/0.34.30/flexmark-ext-footnotes-0.34.30.jar:/Users/preethykrishnamoorthy/.m2/repository/com/vladsch/flexmark/flexmark-ext-gfm-issues/0.34.30/flexmark-ext-gfm-issues-0.34.30.jar:/Users/preethykrishnamoorthy/.m2/repository/com/vladsch/flexmark/flexmark-ext-gfm-strikethrough/0.34.30/flexmark-ext-gfm-strikethrough-0.34.30.jar:/Users/preethykrishnamoorthy/.m2/repository/com/vladsch/flexmark/flexmark-ext-gfm-tables/0.34.30/flexmark-ext-gfm-tables-0.34.30.jar:/Users/preethykrishnamoorthy/.m2/repository/com/vladsch/flexmark/flexmark-ext-gfm-tasklist/0.34.30/flexmark-ext-gfm-tasklist-0.34.30.jar:/Users/preethykrishnamoorthy/.m2/repository/com/vladsch/flexmark/flexmark-ext-gfm-users/0.34.30/flexmark-ext-gfm-users-0.34.30.jar:/Users/preethykrishnamoorthy/.m2/repository/com/vladsch/flexmark/flexmark-ext-gitlab/0.34.30/flexmark-ext-gitlab-0.34.30.jar:/Users/preethykrishnamoorthy/.m2/repository/com/vladsch/flexmark/flexmark-ext-jekyll-front-matter/0.34.30/flexmark-ext-jekyll-front-matter-0.34.30.jar:/Users/preethykrishnamoorthy/.m2/repository/com/vladsch/flexmark/flexmark-ext-jekyll-tag/0.34.30/flexmark-ext-jekyll-tag-0.34.30.jar:/Users/preethykrishnamoorthy/.m2/repository/com/vladsch/flexmark/flexmark-ext-media-tags/0.34.30/flexmark-ext-media-tags-0.34.30.jar:/Users/preethykrishnamoorthy/.m2/repository/com/vladsch/flexmark/flexmark-test-util/0.34.30/flexmark-test-util-0.34.30.jar:/Users/preethykrishnamoorthy/.m2/repository/com/vladsch/flexmark/flexmark-ext-ins/0.34.30/flexmark-ext-ins-0.34.30.jar:/Users/preethykrishnamoorthy/.m2/repository/com/vladsch/flexmark/flexmark-ext-xwiki-macros/0.34.30/flexmark-ext-xwiki-macros-0.34.30.jar:/Users/preethykrishnamoorthy/.m2/repository/com/vladsch/flexmark/flexmark-ext-superscript/0.34.30/flexmark-ext-superscript-0.34.30.jar:/Users/preethykrishnamoorthy/.m2/repository/com/vladsch/flexmark/flexmark-ext-tables/0.34.30/flexmark-ext-tables-0.34.30.jar:/Users/preethykrishnamoorthy/.m2/repository/com/vladsch/flexmark/flexmark-ext-toc/0.34.30/flexmark-ext-toc-0.34.30.jar:/Users/preethykrishnamoorthy/.m2/repository/com/vladsch/flexmark/flexmark-ext-typographic/0.34.30/flexmark-ext-typographic-0.34.30.jar:/Users/preethykrishnamoorthy/.m2/repository/com/vladsch/flexmark/flexmark-ext-wikilink/0.34.30/flexmark-ext-wikilink-0.34.30.jar:/Users/preethykrishnamoorthy/.m2/repository/com/vladsch/flexmark/flexmark-ext-yaml-front-matter/0.34.30/flexmark-ext-yaml-front-matter-0.34.30.jar:/Users/preethykrishnamoorthy/.m2/repository/com/vladsch/flexmark/flexmark-ext-youtube-embedded/0.34.30/flexmark-ext-youtube-embedded-0.34.30.jar:/Users/preethykrishnamoorthy/.m2/repository/com/vladsch/flexmark/flexmark-formatter/0.34.30/flexmark-formatter-0.34.30.jar:/Users/preethykrishnamoorthy/.m2/repository/com/vladsch/flexmark/flexmark-html-parser/0.34.30/flexmark-html-parser-0.34.30.jar:/Users/preethykrishnamoorthy/.m2/repository/com/vladsch/flexmark/flexmark-jira-converter/0.34.30/flexmark-jira-converter-0.34.30.jar:/Users/preethykrishnamoorthy/.m2/repository/com/vladsch/flexmark/flexmark-pdf-converter/0.34.30/flexmark-pdf-converter-0.34.30.jar:/Users/preethykrishnamoorthy/.m2/repository/com/openhtmltopdf/openhtmltopdf-core/0.0.1-RC13/openhtmltopdf-core-0.0.1-RC13.jar:/Users/preethykrishnamoorthy/.m2/repository/com/openhtmltopdf/openhtmltopdf-pdfbox/0.0.1-RC13/openhtmltopdf-pdfbox-0.0.1-RC13.jar:/Users/preethykrishnamoorthy/.m2/repository/org/apache/pdfbox/pdfbox/2.0.8/pdfbox-2.0.8.jar:/Users/preethykrishnamoorthy/.m2/repository/org/apache/pdfbox/fontbox/2.0.8/fontbox-2.0.8.jar:/Users/preethykrishnamoorthy/.m2/repository/org/apache/pdfbox/xmpbox/2.0.8/xmpbox-2.0.8.jar:/Users/preethykrishnamoorthy/.m2/repository/de/rototor/pdfbox/graphics2d/0.12/graphics2d-0.12.jar:/Users/preethykrishnamoorthy/.m2/repository/com/openhtmltopdf/openhtmltopdf-rtl-support/0.0.1-RC13/openhtmltopdf-rtl-support-0.0.1-RC13.jar:/Users/preethykrishnamoorthy/.m2/repository/com/ibm/icu/icu4j/59.1/icu4j-59.1.jar:/Users/preethykrishnamoorthy/.m2/repository/com/openhtmltopdf/openhtmltopdf-jsoup-dom-converter/0.0.1-RC13/openhtmltopdf-jsoup-dom-converter-0.0.1-RC13.jar:/Users/preethykrishnamoorthy/.m2/repository/com/vladsch/flexmark/flexmark-profile-pegdown/0.34.30/flexmark-profile-pegdown-0.34.30.jar:/Users/preethykrishnamoorthy/.m2/repository/com/vladsch/flexmark/flexmark-util/0.34.30/flexmark-util-0.34.30.jar:/Users/preethykrishnamoorthy/.m2/repository/com/vladsch/flexmark/flexmark-youtrack-converter/0.34.30/flexmark-youtrack-converter-0.34.30.jar:/Users/preethykrishnamoorthy/.m2/repository/io/github/bonigarcia/webdrivermanager/4.2.2/webdrivermanager-4.2.2.jar:/Users/preethykrishnamoorthy/.m2/repository/org/apache/httpcomponents/client5/httpclient5/5.0.1/httpclient5-5.0.1.jar:/Users/preethykrishnamoorthy/.m2/repository/org/apache/httpcomponents/core5/httpcore5/5.0.1/httpcore5-5.0.1.jar:/Users/preethykrishnamoorthy/.m2/repository/org/apache/httpcomponents/core5/httpcore5-h2/5.0.1/httpcore5-h2-5.0.1.jar:/Users/preethykrishnamoorthy/.m2/repository/org/rauschig/jarchivelib/1.1.0/jarchivelib-1.1.0.jar:/Users/preethykrishnamoorthy/.m2/repository/org/apache/commons/commons-compress/1.20/commons-compress-1.20.jar:/Users/preethykrishnamoorthy/.m2/repository/net/serenity-bdd/serenity-junit/2.3.10/serenity-junit-2.3.10.jar:/Users/preethykrishnamoorthy/.m2/repository/org/opentest4j/opentest4j/1.2.0/opentest4j-1.2.0.jar:/Users/preethykrishnamoorthy/.m2/repository/net/serenity-bdd/serenity-screenplay/2.3.10/serenity-screenplay-2.3.10.jar:/Users/preethykrishnamoorthy/.m2/repository/net/serenity-bdd/serenity-screenplay-webdriver/2.3.10/serenity-screenplay-webdriver-2.3.10.jar:/Users/preethykrishnamoorthy/.m2/repository/net/serenity-bdd/serenity-ensure/2.3.10/serenity-ensure-2.3.10.jar:/Users/preethykrishnamoorthy/.m2/repository/org/jetbrains/kotlin/kotlin-stdlib/1.4.10/kotlin-stdlib-1.4.10.jar:/Users/preethykrishnamoorthy/.m2/repository/org/jetbrains/kotlin/kotlin-stdlib-common/1.4.10/kotlin-stdlib-common-1.4.10.jar:/Users/preethykrishnamoorthy/.m2/repository/org/jetbrains/annotations/13.0/annotations-13.0.jar:/Users/preethykrishnamoorthy/.m2/repository/net/serenity-bdd/serenity-cucumber6/2.3.10/serenity-cucumber6-2.3.10.jar:/Users/preethykrishnamoorthy/.m2/repository/io/cucumber/cucumber-junit/6.9.1/cucumber-junit-6.9.1.jar:/Users/preethykrishnamoorthy/.m2/repository/org/apiguardian/apiguardian-api/1.1.0/apiguardian-api-1.1.0.jar:/Users/preethykrishnamoorthy/.m2/repository/io/cucumber/datatable-matchers/3.4.0/datatable-matchers-3.4.0.jar:/Users/preethykrishnamoorthy/.m2/repository/org/apache/commons/commons-csv/1.5/commons-csv-1.5.jar:/Users/preethykrishnamoorthy/.m2/repository/junit/junit/4.13.1/junit-4.13.1.jar:/Users/preethykrishnamoorthy/.m2/repository/org/assertj/assertj-core/3.6.2/assertj-core-3.6.2.jar:/Users/preethykrishnamoorthy/.m2/repository/org/hamcrest/hamcrest-all/1.3/hamcrest-all-1.3.jar:"/>
    <property name="java.vm.vendor" value="Oracle Corporation"/>
    <property name="sun.arch.data.model" value="64"/>
    <property name="java.vendor.url" value="http://java.oracle.com/"/>
    <property name="user.timezone" value="Europe/London"/>
    <property name="java.vm.specification.version" value="1.8"/>
    <property name="os.name" value="Mac OS X"/>
    <property name="user.country" value="GB"/>
    <property name="sun.java.launcher" value="SUN_STANDARD"/>
    <property name="sun.boot.library.path" value="/Library/Java/JavaVirtualMachines/jdk1.8.0_231.jdk/Contents/Home/jre/lib"/>
    <property name="sun.java.command" value="/Users/preethykrishnamoorthy/Documents/serenity-cucumber_pom-mailtravel/target/surefire/surefirebooter3116685149794874.jar /Users/preethykrishnamoorthy/Documents/serenity-cucumber_pom-mailtravel/target/surefire 2021-02-01T00-35-03_346-jvmRun1 surefire3844494884455402092tmp surefire_0402286866077637340tmp"/>
    <property name="http.nonProxyHosts" value="local|*.local|169.254/16|*.169.254/16"/>
    <property name="surefire.test.class.path" value="/Users/preethykrishnamoorthy/Documents/serenity-cucumber_pom-mailtravel/target/test-classes:/Users/preethykrishnamoorthy/Documents/serenity-cucumber_pom-mailtravel/target/serenity-cucumber_pom-mailtravel-1.0-SNAPSHOT.jar:/Users/preethykrishnamoorthy/.m2/repository/ch/qos/logback/logback-classic/1.0.13/logback-classic-1.0.13.jar:/Users/preethykrishnamoorthy/.m2/repository/ch/qos/logback/logback-core/1.0.13/logback-core-1.0.13.jar:/Users/preethykrishnamoorthy/.m2/repository/org/slf4j/slf4j-api/1.7.5/slf4j-api-1.7.5.jar:/Users/preethykrishnamoorthy/.m2/repository/net/serenity-bdd/serenity-core/2.3.10/serenity-core-2.3.10.jar:/Users/preethykrishnamoorthy/.m2/repository/net/bytebuddy/byte-buddy/1.10.10/byte-buddy-1.10.10.jar:/Users/preethykrishnamoorthy/.m2/repository/net/bytebuddy/byte-buddy-agent/1.10.10/byte-buddy-agent-1.10.10.jar:/Users/preethykrishnamoorthy/.m2/repository/com/google/guava/guava/25.0-jre/guava-25.0-jre.jar:/Users/preethykrishnamoorthy/.m2/repository/com/google/code/findbugs/jsr305/1.3.9/jsr305-1.3.9.jar:/Users/preethykrishnamoorthy/.m2/repository/org/checkerframework/checker-compat-qual/2.0.0/checker-compat-qual-2.0.0.jar:/Users/preethykrishnamoorthy/.m2/repository/com/google/errorprone/error_prone_annotations/2.1.3/error_prone_annotations-2.1.3.jar:/Users/preethykrishnamoorthy/.m2/repository/com/google/j2objc/j2objc-annotations/1.1/j2objc-annotations-1.1.jar:/Users/preethykrishnamoorthy/.m2/repository/org/codehaus/mojo/animal-sniffer-annotations/1.14/animal-sniffer-annotations-1.14.jar:/Users/preethykrishnamoorthy/.m2/repository/com/google/inject/guice/4.2.2/guice-4.2.2.jar:/Users/preethykrishnamoorthy/.m2/repository/javax/inject/javax.inject/1/javax.inject-1.jar:/Users/preethykrishnamoorthy/.m2/repository/aopalliance/aopalliance/1.0/aopalliance-1.0.jar:/Users/preethykrishnamoorthy/.m2/repository/org/ow2/asm/asm/8.0.1/asm-8.0.1.jar:/Users/preethykrishnamoorthy/.m2/repository/commons-codec/commons-codec/1.10/commons-codec-1.10.jar:/Users/preethykrishnamoorthy/.m2/repository/org/objenesis/objenesis/3.1/objenesis-3.1.jar:/Users/preethykrishnamoorthy/.m2/repository/xml-apis/xml-apis/1.4.01/xml-apis-1.4.01.jar:/Users/preethykrishnamoorthy/.m2/repository/io/cucumber/cucumber-core/6.6.0/cucumber-core-6.6.0.jar:/Users/preethykrishnamoorthy/.m2/repository/io/cucumber/cucumber-gherkin/6.6.0/cucumber-gherkin-6.6.0.jar:/Users/preethykrishnamoorthy/.m2/repository/io/cucumber/cucumber-gherkin-messages/6.6.0/cucumber-gherkin-messages-6.6.0.jar:/Users/preethykrishnamoorthy/.m2/repository/io/cucumber/messages/13.0.1/messages-13.0.1.jar:/Users/preethykrishnamoorthy/.m2/repository/io/cucumber/tag-expressions/3.0.0/tag-expressions-3.0.0.jar:/Users/preethykrishnamoorthy/.m2/repository/io/cucumber/cucumber-expressions/10.3.0/cucumber-expressions-10.3.0.jar:/Users/preethykrishnamoorthy/.m2/repository/io/cucumber/datatable/3.4.0/datatable-3.4.0.jar:/Users/preethykrishnamoorthy/.m2/repository/io/cucumber/cucumber-plugin/6.6.0/cucumber-plugin-6.6.0.jar:/Users/preethykrishnamoorthy/.m2/repository/io/cucumber/docstring/6.6.0/docstring-6.6.0.jar:/Users/preethykrishnamoorthy/.m2/repository/io/cucumber/html-formatter/9.0.0/html-formatter-9.0.0.jar:/Users/preethykrishnamoorthy/.m2/repository/io/cucumber/create-meta/2.0.1/create-meta-2.0.1.jar:/Users/preethykrishnamoorthy/.m2/repository/io/cucumber/cucumber-java/6.6.0/cucumber-java-6.6.0.jar:/Users/preethykrishnamoorthy/.m2/repository/commons-logging/commons-logging/1.2/commons-logging-1.2.jar:/Users/preethykrishnamoorthy/.m2/repository/io/vavr/vavr/0.9.0/vavr-0.9.0.jar:/Users/preethykrishnamoorthy/.m2/repository/io/vavr/vavr-match/0.9.0/vavr-match-0.9.0.jar:/Users/preethykrishnamoorthy/.m2/repository/javax/xml/bind/jaxb-api/2.3.1/jaxb-api-2.3.1.jar:/Users/preethykrishnamoorthy/.m2/repository/javax/activation/javax.activation-api/1.2.0/javax.activation-api-1.2.0.jar:/Users/preethykrishnamoorthy/.m2/repository/com/sun/xml/bind/jaxb-core/2.3.0.1/jaxb-core-2.3.0.1.jar:/Users/preethykrishnamoorthy/.m2/repository/com/sun/xml/bind/jaxb-impl/2.3.3/jaxb-impl-2.3.3.jar:/Users/preethykrishnamoorthy/.m2/repository/jakarta/xml/bind/jakarta.xml.bind-api/2.3.3/jakarta.xml.bind-api-2.3.3.jar:/Users/preethykrishnamoorthy/.m2/repository/com/sun/activation/jakarta.activation/1.2.2/jakarta.activation-1.2.2.jar:/Users/preethykrishnamoorthy/.m2/repository/javax/activation/activation/1.1.1/activation-1.1.1.jar:/Users/preethykrishnamoorthy/.m2/repository/org/mockito/mockito-core/3.1.0/mockito-core-3.1.0.jar:/Users/preethykrishnamoorthy/.m2/repository/net/serenity-bdd/serenity-report-resources/2.3.10/serenity-report-resources-2.3.10.jar:/Users/preethykrishnamoorthy/.m2/repository/net/serenity-bdd/serenity-model/2.3.10/serenity-model-2.3.10.jar:/Users/preethykrishnamoorthy/.m2/repository/commons-net/commons-net/3.6/commons-net-3.6.jar:/Users/preethykrishnamoorthy/.m2/repository/org/apache/commons/commons-text/1.8/commons-text-1.8.jar:/Users/preethykrishnamoorthy/.m2/repository/org/reflections/reflections/0.9.11/reflections-0.9.11.jar:/Users/preethykrishnamoorthy/.m2/repository/org/javassist/javassist/3.21.0-GA/javassist-3.21.0-GA.jar:/Users/preethykrishnamoorthy/.m2/repository/es/nitaur/markdown/txtmark/0.16/txtmark-0.16.jar:/Users/preethykrishnamoorthy/.m2/repository/net/serenity-bdd/serenity-reports/2.3.10/serenity-reports-2.3.10.jar:/Users/preethykrishnamoorthy/.m2/repository/net/serenity-bdd/serenity-stats/2.3.10/serenity-stats-2.3.10.jar:/Users/preethykrishnamoorthy/.m2/repository/org/jetbrains/kotlin/kotlin-stdlib-jdk8/1.4.10/kotlin-stdlib-jdk8-1.4.10.jar:/Users/preethykrishnamoorthy/.m2/repository/org/jetbrains/kotlin/kotlin-stdlib-jdk7/1.4.10/kotlin-stdlib-jdk7-1.4.10.jar:/Users/preethykrishnamoorthy/.m2/repository/com/google/code/gson/gson/2.8.6/gson-2.8.6.jar:/Users/preethykrishnamoorthy/.m2/repository/commons-io/commons-io/2.6/commons-io-2.6.jar:/Users/preethykrishnamoorthy/.m2/repository/org/seleniumhq/selenium/selenium-server/3.141.59/selenium-server-3.141.59.jar:/Users/preethykrishnamoorthy/.m2/repository/org/seleniumhq/selenium/selenium-firefox-driver/3.141.59/selenium-firefox-driver-3.141.59.jar:/Users/preethykrishnamoorthy/.m2/repository/org/seleniumhq/selenium/selenium-ie-driver/3.141.59/selenium-ie-driver-3.141.59.jar:/Users/preethykrishnamoorthy/.m2/repository/com/beust/jcommander/1.72/jcommander-1.72.jar:/Users/preethykrishnamoorthy/.m2/repository/org/apache/commons/commons-exec/1.3/commons-exec-1.3.jar:/Users/preethykrishnamoorthy/.m2/repository/net/jcip/jcip-annotations/1.0/jcip-annotations-1.0.jar:/Users/preethykrishnamoorthy/.m2/repository/org/seleniumhq/selenium/jetty-repacked/9.4.12.v20180830/jetty-repacked-9.4.12.v20180830.jar:/Users/preethykrishnamoorthy/.m2/repository/com/squareup/okhttp3/okhttp/3.11.0/okhttp-3.11.0.jar:/Users/preethykrishnamoorthy/.m2/repository/com/squareup/okio/okio/1.14.0/okio-1.14.0.jar:/Users/preethykrishnamoorthy/.m2/repository/javax/servlet/javax.servlet-api/3.1.0/javax.servlet-api-3.1.0.jar:/Users/preethykrishnamoorthy/.m2/repository/org/yaml/snakeyaml/1.19/snakeyaml-1.19.jar:/Users/preethykrishnamoorthy/.m2/repository/org/seleniumhq/selenium/selenium-java/3.141.59/selenium-java-3.141.59.jar:/Users/preethykrishnamoorthy/.m2/repository/org/seleniumhq/selenium/selenium-api/3.141.59/selenium-api-3.141.59.jar:/Users/preethykrishnamoorthy/.m2/repository/org/seleniumhq/selenium/selenium-chrome-driver/3.141.59/selenium-chrome-driver-3.141.59.jar:/Users/preethykrishnamoorthy/.m2/repository/org/seleniumhq/selenium/selenium-edge-driver/3.141.59/selenium-edge-driver-3.141.59.jar:/Users/preethykrishnamoorthy/.m2/repository/org/seleniumhq/selenium/selenium-remote-driver/3.141.59/selenium-remote-driver-3.141.59.jar:/Users/preethykrishnamoorthy/.m2/repository/org/seleniumhq/selenium/selenium-safari-driver/3.141.59/selenium-safari-driver-3.141.59.jar:/Users/preethykrishnamoorthy/.m2/repository/org/seleniumhq/selenium/selenium-opera-driver/3.141.59/selenium-opera-driver-3.141.59.jar:/Users/preethykrishnamoorthy/.m2/repository/org/seleniumhq/selenium/selenium-support/3.141.59/selenium-support-3.141.59.jar:/Users/preethykrishnamoorthy/.m2/repository/com/paulhammant/ngwebdriver/1.1.5/ngwebdriver-1.1.5.jar:/Users/preethykrishnamoorthy/.m2/repository/com/assertthat/selenium-shutterbug/0.9.3/selenium-shutterbug-0.9.3.jar:/Users/preethykrishnamoorthy/.m2/repository/org/projectlombok/lombok/1.18.8/lombok-1.18.8.jar:/Users/preethykrishnamoorthy/.m2/repository/com/github/zafarkhaja/java-semver/0.9.0/java-semver-0.9.0.jar:/Users/preethykrishnamoorthy/.m2/repository/com/codeborne/phantomjsdriver/1.4.4/phantomjsdriver-1.4.4.jar:/Users/preethykrishnamoorthy/.m2/repository/org/seleniumhq/selenium/htmlunit-driver/2.45.0/htmlunit-driver-2.45.0.jar:/Users/preethykrishnamoorthy/.m2/repository/io/appium/java-client/7.3.0/java-client-7.3.0.jar:/Users/preethykrishnamoorthy/.m2/repository/commons-validator/commons-validator/1.6/commons-validator-1.6.jar:/Users/preethykrishnamoorthy/.m2/repository/commons-beanutils/commons-beanutils/1.9.2/commons-beanutils-1.9.2.jar:/Users/preethykrishnamoorthy/.m2/repository/commons-digester/commons-digester/1.8.1/commons-digester-1.8.1.jar:/Users/preethykrishnamoorthy/.m2/repository/org/aspectj/aspectjweaver/1.9.4/aspectjweaver-1.9.4.jar:/Users/preethykrishnamoorthy/.m2/repository/org/springframework/spring-context-support/5.1.2.RELEASE/spring-context-support-5.1.2.RELEASE.jar:/Users/preethykrishnamoorthy/.m2/repository/org/springframework/spring-beans/5.1.2.RELEASE/spring-beans-5.1.2.RELEASE.jar:/Users/preethykrishnamoorthy/.m2/repository/org/springframework/spring-context/5.1.2.RELEASE/spring-context-5.1.2.RELEASE.jar:/Users/preethykrishnamoorthy/.m2/repository/org/springframework/spring-aop/5.1.2.RELEASE/spring-aop-5.1.2.RELEASE.jar:/Users/preethykrishnamoorthy/.m2/repository/org/springframework/spring-expression/5.1.2.RELEASE/spring-expression-5.1.2.RELEASE.jar:/Users/preethykrishnamoorthy/.m2/repository/org/springframework/spring-core/5.1.2.RELEASE/spring-core-5.1.2.RELEASE.jar:/Users/preethykrishnamoorthy/.m2/repository/org/springframework/spring-jcl/5.1.2.RELEASE/spring-jcl-5.1.2.RELEASE.jar:/Users/preethykrishnamoorthy/.m2/repository/org/codehaus/groovy/groovy/3.0.6/groovy-3.0.6.jar:/Users/preethykrishnamoorthy/.m2/repository/net/sf/opencsv/opencsv/2.0/opencsv-2.0.jar:/Users/preethykrishnamoorthy/.m2/repository/commons-beanutils/commons-beanutils-core/1.8.3/commons-beanutils-core-1.8.3.jar:/Users/preethykrishnamoorthy/.m2/repository/joda-time/joda-time/2.7/joda-time-2.7.jar:/Users/preethykrishnamoorthy/.m2/repository/com/thoughtworks/xstream/xstream/1.4.13/xstream-1.4.13.jar:/Users/preethykrishnamoorthy/.m2/repository/xmlpull/xmlpull/1.1.3.1/xmlpull-1.1.3.1.jar:/Users/preethykrishnamoorthy/.m2/repository/xpp3/xpp3_min/1.1.4c/xpp3_min-1.1.4c.jar:/Users/preethykrishnamoorthy/.m2/repository/org/apache/commons/commons-lang3/3.8.1/commons-lang3-3.8.1.jar:/Users/preethykrishnamoorthy/.m2/repository/commons-collections/commons-collections/3.2.2/commons-collections-3.2.2.jar:/Users/preethykrishnamoorthy/.m2/repository/org/freemarker/freemarker/2.3.29/freemarker-2.3.29.jar:/Users/preethykrishnamoorthy/.m2/repository/net/sourceforge/jexcelapi/jxl/2.6.12/jxl-2.6.12.jar:/Users/preethykrishnamoorthy/.m2/repository/org/hamcrest/hamcrest-core/1.3/hamcrest-core-1.3.jar:/Users/preethykrishnamoorthy/.m2/repository/org/hamcrest/hamcrest-library/1.3/hamcrest-library-1.3.jar:/Users/preethykrishnamoorthy/.m2/repository/net/sourceforge/htmlunit/htmlunit/2.45.0/htmlunit-2.45.0.jar:/Users/preethykrishnamoorthy/.m2/repository/net/sourceforge/htmlunit/htmlunit-core-js/2.45.0/htmlunit-core-js-2.45.0.jar:/Users/preethykrishnamoorthy/.m2/repository/net/sourceforge/htmlunit/neko-htmlunit/2.45.0/neko-htmlunit-2.45.0.jar:/Users/preethykrishnamoorthy/.m2/repository/xerces/xercesImpl/2.12.0/xercesImpl-2.12.0.jar:/Users/preethykrishnamoorthy/.m2/repository/net/sourceforge/htmlunit/htmlunit-cssparser/1.7.0/htmlunit-cssparser-1.7.0.jar:/Users/preethykrishnamoorthy/.m2/repository/org/brotli/dec/0.1.2/dec-0.1.2.jar:/Users/preethykrishnamoorthy/.m2/repository/com/shapesecurity/salvation2/3.0.0/salvation2-3.0.0.jar:/Users/preethykrishnamoorthy/.m2/repository/org/eclipse/jetty/websocket/websocket-client/9.4.34.v20201102/websocket-client-9.4.34.v20201102.jar:/Users/preethykrishnamoorthy/.m2/repository/org/eclipse/jetty/jetty-client/9.4.34.v20201102/jetty-client-9.4.34.v20201102.jar:/Users/preethykrishnamoorthy/.m2/repository/org/eclipse/jetty/jetty-http/9.4.34.v20201102/jetty-http-9.4.34.v20201102.jar:/Users/preethykrishnamoorthy/.m2/repository/org/eclipse/jetty/jetty-util/9.4.34.v20201102/jetty-util-9.4.34.v20201102.jar:/Users/preethykrishnamoorthy/.m2/repository/org/eclipse/jetty/jetty-io/9.4.34.v20201102/jetty-io-9.4.34.v20201102.jar:/Users/preethykrishnamoorthy/.m2/repository/org/eclipse/jetty/websocket/websocket-common/9.4.34.v20201102/websocket-common-9.4.34.v20201102.jar:/Users/preethykrishnamoorthy/.m2/repository/org/eclipse/jetty/websocket/websocket-api/9.4.34.v20201102/websocket-api-9.4.34.v20201102.jar:/Users/preethykrishnamoorthy/.m2/repository/org/apache/httpcomponents/httpclient/4.5.5/httpclient-4.5.5.jar:/Users/preethykrishnamoorthy/.m2/repository/org/apache/httpcomponents/httpcore/4.4.9/httpcore-4.4.9.jar:/Users/preethykrishnamoorthy/.m2/repository/org/apache/httpcomponents/httpmime/4.5.5/httpmime-4.5.5.jar:/Users/preethykrishnamoorthy/.m2/repository/org/fluentlenium/fluentlenium-core/0.10.2/fluentlenium-core-0.10.2.jar:/Users/preethykrishnamoorthy/.m2/repository/com/jhlabs/filters/2.0.235/filters-2.0.235.jar:/Users/preethykrishnamoorthy/.m2/repository/org/asciidoctor/asciidoctorj/1.5.6/asciidoctorj-1.5.6.jar:/Users/preethykrishnamoorthy/.m2/repository/org/jruby/jruby-complete/1.7.26/jruby-complete-1.7.26.jar:/Users/preethykrishnamoorthy/.m2/repository/org/imgscalr/imgscalr-lib/4.2/imgscalr-lib-4.2.jar:/Users/preethykrishnamoorthy/.m2/repository/javax/el/javax.el-api/2.2.4/javax.el-api-2.2.4.jar:/Users/preethykrishnamoorthy/.m2/repository/org/glassfish/web/javax.el/2.2.4/javax.el-2.2.4.jar:/Users/preethykrishnamoorthy/.m2/repository/xalan/xalan/2.7.2/xalan-2.7.2.jar:/Users/preethykrishnamoorthy/.m2/repository/xalan/serializer/2.7.2/serializer-2.7.2.jar:/Users/preethykrishnamoorthy/.m2/repository/org/awaitility/awaitility/4.0.1/awaitility-4.0.1.jar:/Users/preethykrishnamoorthy/.m2/repository/org/hamcrest/hamcrest/2.1/hamcrest-2.1.jar:/Users/preethykrishnamoorthy/.m2/repository/com/typesafe/config/1.3.1/config-1.3.1.jar:/Users/preethykrishnamoorthy/.m2/repository/org/jsoup/jsoup/1.10.3/jsoup-1.10.3.jar:/Users/preethykrishnamoorthy/.m2/repository/com/google/jimfs/jimfs/1.1/jimfs-1.1.jar:/Users/preethykrishnamoorthy/.m2/repository/com/vladsch/flexmark/flexmark-all/0.34.30/flexmark-all-0.34.30.jar:/Users/preethykrishnamoorthy/.m2/repository/com/vladsch/flexmark/flexmark/0.34.30/flexmark-0.34.30.jar:/Users/preethykrishnamoorthy/.m2/repository/com/vladsch/flexmark/flexmark-ext-abbreviation/0.34.30/flexmark-ext-abbreviation-0.34.30.jar:/Users/preethykrishnamoorthy/.m2/repository/com/vladsch/flexmark/flexmark-ext-admonition/0.34.30/flexmark-ext-admonition-0.34.30.jar:/Users/preethykrishnamoorthy/.m2/repository/com/vladsch/flexmark/flexmark-ext-anchorlink/0.34.30/flexmark-ext-anchorlink-0.34.30.jar:/Users/preethykrishnamoorthy/.m2/repository/com/vladsch/flexmark/flexmark-ext-aside/0.34.30/flexmark-ext-aside-0.34.30.jar:/Users/preethykrishnamoorthy/.m2/repository/com/vladsch/flexmark/flexmark-ext-attributes/0.34.30/flexmark-ext-attributes-0.34.30.jar:/Users/preethykrishnamoorthy/.m2/repository/com/vladsch/flexmark/flexmark-ext-autolink/0.34.30/flexmark-ext-autolink-0.34.30.jar:/Users/preethykrishnamoorthy/.m2/repository/org/nibor/autolink/autolink/0.6.0/autolink-0.6.0.jar:/Users/preethykrishnamoorthy/.m2/repository/com/vladsch/flexmark/flexmark-ext-definition/0.34.30/flexmark-ext-definition-0.34.30.jar:/Users/preethykrishnamoorthy/.m2/repository/com/vladsch/flexmark/flexmark-ext-emoji/0.34.30/flexmark-ext-emoji-0.34.30.jar:/Users/preethykrishnamoorthy/.m2/repository/com/vladsch/flexmark/flexmark-ext-enumerated-reference/0.34.30/flexmark-ext-enumerated-reference-0.34.30.jar:/Users/preethykrishnamoorthy/.m2/repository/com/vladsch/flexmark/flexmark-ext-escaped-character/0.34.30/flexmark-ext-escaped-character-0.34.30.jar:/Users/preethykrishnamoorthy/.m2/repository/com/vladsch/flexmark/flexmark-ext-footnotes/0.34.30/flexmark-ext-footnotes-0.34.30.jar:/Users/preethykrishnamoorthy/.m2/repository/com/vladsch/flexmark/flexmark-ext-gfm-issues/0.34.30/flexmark-ext-gfm-issues-0.34.30.jar:/Users/preethykrishnamoorthy/.m2/repository/com/vladsch/flexmark/flexmark-ext-gfm-strikethrough/0.34.30/flexmark-ext-gfm-strikethrough-0.34.30.jar:/Users/preethykrishnamoorthy/.m2/repository/com/vladsch/flexmark/flexmark-ext-gfm-tables/0.34.30/flexmark-ext-gfm-tables-0.34.30.jar:/Users/preethykrishnamoorthy/.m2/repository/com/vladsch/flexmark/flexmark-ext-gfm-tasklist/0.34.30/flexmark-ext-gfm-tasklist-0.34.30.jar:/Users/preethykrishnamoorthy/.m2/repository/com/vladsch/flexmark/flexmark-ext-gfm-users/0.34.30/flexmark-ext-gfm-users-0.34.30.jar:/Users/preethykrishnamoorthy/.m2/repository/com/vladsch/flexmark/flexmark-ext-gitlab/0.34.30/flexmark-ext-gitlab-0.34.30.jar:/Users/preethykrishnamoorthy/.m2/repository/com/vladsch/flexmark/flexmark-ext-jekyll-front-matter/0.34.30/flexmark-ext-jekyll-front-matter-0.34.30.jar:/Users/preethykrishnamoorthy/.m2/repository/com/vladsch/flexmark/flexmark-ext-jekyll-tag/0.34.30/flexmark-ext-jekyll-tag-0.34.30.jar:/Users/preethykrishnamoorthy/.m2/repository/com/vladsch/flexmark/flexmark-ext-media-tags/0.34.30/flexmark-ext-media-tags-0.34.30.jar:/Users/preethykrishnamoorthy/.m2/repository/com/vladsch/flexmark/flexmark-test-util/0.34.30/flexmark-test-util-0.34.30.jar:/Users/preethykrishnamoorthy/.m2/repository/com/vladsch/flexmark/flexmark-ext-ins/0.34.30/flexmark-ext-ins-0.34.30.jar:/Users/preethykrishnamoorthy/.m2/repository/com/vladsch/flexmark/flexmark-ext-xwiki-macros/0.34.30/flexmark-ext-xwiki-macros-0.34.30.jar:/Users/preethykrishnamoorthy/.m2/repository/com/vladsch/flexmark/flexmark-ext-superscript/0.34.30/flexmark-ext-superscript-0.34.30.jar:/Users/preethykrishnamoorthy/.m2/repository/com/vladsch/flexmark/flexmark-ext-tables/0.34.30/flexmark-ext-tables-0.34.30.jar:/Users/preethykrishnamoorthy/.m2/repository/com/vladsch/flexmark/flexmark-ext-toc/0.34.30/flexmark-ext-toc-0.34.30.jar:/Users/preethykrishnamoorthy/.m2/repository/com/vladsch/flexmark/flexmark-ext-typographic/0.34.30/flexmark-ext-typographic-0.34.30.jar:/Users/preethykrishnamoorthy/.m2/repository/com/vladsch/flexmark/flexmark-ext-wikilink/0.34.30/flexmark-ext-wikilink-0.34.30.jar:/Users/preethykrishnamoorthy/.m2/repository/com/vladsch/flexmark/flexmark-ext-yaml-front-matter/0.34.30/flexmark-ext-yaml-front-matter-0.34.30.jar:/Users/preethykrishnamoorthy/.m2/repository/com/vladsch/flexmark/flexmark-ext-youtube-embedded/0.34.30/flexmark-ext-youtube-embedded-0.34.30.jar:/Users/preethykrishnamoorthy/.m2/repository/com/vladsch/flexmark/flexmark-formatter/0.34.30/flexmark-formatter-0.34.30.jar:/Users/preethykrishnamoorthy/.m2/repository/com/vladsch/flexmark/flexmark-html-parser/0.34.30/flexmark-html-parser-0.34.30.jar:/Users/preethykrishnamoorthy/.m2/repository/com/vladsch/flexmark/flexmark-jira-converter/0.34.30/flexmark-jira-converter-0.34.30.jar:/Users/preethykrishnamoorthy/.m2/repository/com/vladsch/flexmark/flexmark-pdf-converter/0.34.30/flexmark-pdf-converter-0.34.30.jar:/Users/preethykrishnamoorthy/.m2/repository/com/openhtmltopdf/openhtmltopdf-core/0.0.1-RC13/openhtmltopdf-core-0.0.1-RC13.jar:/Users/preethykrishnamoorthy/.m2/repository/com/openhtmltopdf/openhtmltopdf-pdfbox/0.0.1-RC13/openhtmltopdf-pdfbox-0.0.1-RC13.jar:/Users/preethykrishnamoorthy/.m2/repository/org/apache/pdfbox/pdfbox/2.0.8/pdfbox-2.0.8.jar:/Users/preethykrishnamoorthy/.m2/repository/org/apache/pdfbox/fontbox/2.0.8/fontbox-2.0.8.jar:/Users/preethykrishnamoorthy/.m2/repository/org/apache/pdfbox/xmpbox/2.0.8/xmpbox-2.0.8.jar:/Users/preethykrishnamoorthy/.m2/repository/de/rototor/pdfbox/graphics2d/0.12/graphics2d-0.12.jar:/Users/preethykrishnamoorthy/.m2/repository/com/openhtmltopdf/openhtmltopdf-rtl-support/0.0.1-RC13/openhtmltopdf-rtl-support-0.0.1-RC13.jar:/Users/preethykrishnamoorthy/.m2/repository/com/ibm/icu/icu4j/59.1/icu4j-59.1.jar:/Users/preethykrishnamoorthy/.m2/repository/com/openhtmltopdf/openhtmltopdf-jsoup-dom-converter/0.0.1-RC13/openhtmltopdf-jsoup-dom-converter-0.0.1-RC13.jar:/Users/preethykrishnamoorthy/.m2/repository/com/vladsch/flexmark/flexmark-profile-pegdown/0.34.30/flexmark-profile-pegdown-0.34.30.jar:/Users/preethykrishnamoorthy/.m2/repository/com/vladsch/flexmark/flexmark-util/0.34.30/flexmark-util-0.34.30.jar:/Users/preethykrishnamoorthy/.m2/repository/com/vladsch/flexmark/flexmark-youtrack-converter/0.34.30/flexmark-youtrack-converter-0.34.30.jar:/Users/preethykrishnamoorthy/.m2/repository/io/github/bonigarcia/webdrivermanager/4.2.2/webdrivermanager-4.2.2.jar:/Users/preethykrishnamoorthy/.m2/repository/org/apache/httpcomponents/client5/httpclient5/5.0.1/httpclient5-5.0.1.jar:/Users/preethykrishnamoorthy/.m2/repository/org/apache/httpcomponents/core5/httpcore5/5.0.1/httpcore5-5.0.1.jar:/Users/preethykrishnamoorthy/.m2/repository/org/apache/httpcomponents/core5/httpcore5-h2/5.0.1/httpcore5-h2-5.0.1.jar:/Users/preethykrishnamoorthy/.m2/repository/org/rauschig/jarchivelib/1.1.0/jarchivelib-1.1.0.jar:/Users/preethykrishnamoorthy/.m2/repository/org/apache/commons/commons-compress/1.20/commons-compress-1.20.jar:/Users/preethykrishnamoorthy/.m2/repository/net/serenity-bdd/serenity-junit/2.3.10/serenity-junit-2.3.10.jar:/Users/preethykrishnamoorthy/.m2/repository/org/opentest4j/opentest4j/1.2.0/opentest4j-1.2.0.jar:/Users/preethykrishnamoorthy/.m2/repository/net/serenity-bdd/serenity-screenplay/2.3.10/serenity-screenplay-2.3.10.jar:/Users/preethykrishnamoorthy/.m2/repository/net/serenity-bdd/serenity-screenplay-webdriver/2.3.10/serenity-screenplay-webdriver-2.3.10.jar:/Users/preethykrishnamoorthy/.m2/repository/net/serenity-bdd/serenity-ensure/2.3.10/serenity-ensure-2.3.10.jar:/Users/preethykrishnamoorthy/.m2/repository/org/jetbrains/kotlin/kotlin-stdlib/1.4.10/kotlin-stdlib-1.4.10.jar:/Users/preethykrishnamoorthy/.m2/repository/org/jetbrains/kotlin/kotlin-stdlib-common/1.4.10/kotlin-stdlib-common-1.4.10.jar:/Users/preethykrishnamoorthy/.m2/repository/org/jetbrains/annotations/13.0/annotations-13.0.jar:/Users/preethykrishnamoorthy/.m2/repository/net/serenity-bdd/serenity-cucumber6/2.3.10/serenity-cucumber6-2.3.10.jar:/Users/preethykrishnamoorthy/.m2/repository/io/cucumber/cucumber-junit/6.9.1/cucumber-junit-6.9.1.jar:/Users/preethykrishnamoorthy/.m2/repository/org/apiguardian/apiguardian-api/1.1.0/apiguardian-api-1.1.0.jar:/Users/preethykrishnamoorthy/.m2/repository/io/cucumber/datatable-matchers/3.4.0/datatable-matchers-3.4.0.jar:/Users/preethykrishnamoorthy/.m2/repository/org/apache/commons/commons-csv/1.5/commons-csv-1.5.jar:/Users/preethykrishnamoorthy/.m2/repository/junit/junit/4.13.1/junit-4.13.1.jar:/Users/preethykrishnamoorthy/.m2/repository/org/assertj/assertj-core/3.6.2/assertj-core-3.6.2.jar:/Users/preethykrishnamoorthy/.m2/repository/org/hamcrest/hamcrest-all/1.3/hamcrest-all-1.3.jar:"/>
    <property name="sun.cpu.endian" value="little"/>
    <property name="user.home" value="/Users/preethykrishnamoorthy"/>
    <property name="user.language" value="en"/>
    <property name="java.specification.vendor" value="Oracle Corporation"/>
    <property name="java.home" value="/Library/Java/JavaVirtualMachines/jdk1.8.0_231.jdk/Contents/Home/jre"/>
    <property name="basedir" value="/Users/preethykrishnamoorthy/Documents/serenity-cucumber_pom-mailtravel"/>
    <property name="file.separator" value="/"/>
    <property name="line.separator" value="&#10;"/>
    <property name="java.vm.specification.vendor" value="Oracle Corporation"/>
    <property name="java.specification.name" value="Java Platform API Specification"/>
    <property name="java.awt.graphicsenv" value="sun.awt.CGraphicsEnvironment"/>
    <property name="surefire.real.class.path" value="/Users/preethykrishnamoorthy/Documents/serenity-cucumber_pom-mailtravel/target/surefire/surefirebooter3116685149794874.jar"/>
    <property name="sun.boot.class.path" value="/Library/Java/JavaVirtualMachines/jdk1.8.0_231.jdk/Contents/Home/jre/lib/resources.jar:/Library/Java/JavaVirtualMachines/jdk1.8.0_231.jdk/Contents/Home/jre/lib/rt.jar:/Library/Java/JavaVirtualMachines/jdk1.8.0_231.jdk/Contents/Home/jre/lib/sunrsasign.jar:/Library/Java/JavaVirtualMachines/jdk1.8.0_231.jdk/Contents/Home/jre/lib/jsse.jar:/Library/Java/JavaVirtualMachines/jdk1.8.0_231.jdk/Contents/Home/jre/lib/jce.jar:/Library/Java/JavaVirtualMachines/jdk1.8.0_231.jdk/Contents/Home/jre/lib/charsets.jar:/Library/Java/JavaVirtualMachines/jdk1.8.0_231.jdk/Contents/Home/jre/lib/jfr.jar:/Library/Java/JavaVirtualMachines/jdk1.8.0_231.jdk/Contents/Home/jre/classes"/>
    <property name="sun.management.compiler" value="HotSpot 64-Bit Tiered Compilers"/>
    <property name="ftp.nonProxyHosts" value="local|*.local|169.254/16|*.169.254/16"/>
    <property name="java.runtime.version" value="1.8.0_231-b11"/>
    <property name="user.name" value="preethykrishnamoorthy"/>
    <property name="path.separator" value=":"/>
    <property name="os.version" value="10.14.6"/>
    <property name="java.endorsed.dirs" value="/Library/Java/JavaVirtualMachines/jdk1.8.0_231.jdk/Contents/Home/jre/lib/endorsed"/>
    <property name="java.runtime.name" value="Java(TM) SE Runtime Environment"/>
    <property name="file.encoding" value="UTF-8"/>
    <property name="webdriver.base.url" value=""/>
    <property name="java.vm.name" value="Java HotSpot(TM) 64-Bit Server VM"/>
    <property name="localRepository" value="/Users/preethykrishnamoorthy/.m2/repository"/>
    <property name="java.vendor.url.bug" value="http://bugreport.sun.com/bugreport/"/>
    <property name="java.io.tmpdir" value="/var/folders/jz/v_tjsd7x6kg63k0fl0vmxc_00000gp/T/"/>
    <property name="java.version" value="1.8.0_231"/>
    <property name="user.dir" value="/Users/preethykrishnamoorthy/Documents/serenity-cucumber_pom-mailtravel"/>
    <property name="os.arch" value="x86_64"/>
    <property name="java.vm.specification.name" value="Java Virtual Machine Specification"/>
    <property name="java.awt.printerjob" value="sun.lwawt.macosx.CPrinterJob"/>
    <property name="sun.os.patch.level" value="unknown"/>
    <property name="java.library.path" value="/Users/preethykrishnamoorthy/Library/Java/Extensions:/Library/Java/Extensions:/Network/Library/Java/Extensions:/System/Library/Java/Extensions:/usr/lib/java:."/>
    <property name="java.vm.info" value="mixed mode"/>
    <property name="java.vendor" value="Oracle Corporation"/>
    <property name="java.vm.version" value="25.231-b11"/>
    <property name="java.ext.dirs" value="/Users/preethykrishnamoorthy/Library/Java/Extensions:/Library/Java/JavaVirtualMachines/jdk1.8.0_231.jdk/Contents/Home/jre/lib/ext:/Library/Java/Extensions:/Network/Library/Java/Extensions:/System/Library/Java/Extensions:/usr/lib/java"/>
    <property name="sun.io.unicode.encoding" value="UnicodeBig"/>
    <property name="java.class.version" value="52.0"/>
    <property name="socksNonProxyHosts" value="local|*.local|169.254/16|*.169.254/16"/>
  </properties>
  <testcase name="User should be able to book a holiday trip via mailtravel website" classname="Book a holiday trip" time="0.304">
    <error message="The step &quot;the user is on the mailtravel website home page&quot; is undefined. You can implement it using the snippet(s) below:&#10;&#10;@Given(&quot;the user is on the mailtravel website home page&quot;)&#10;public void the_user_is_on_the_mailtravel_website_home_page() {&#10;    // Write code here that turns the phrase above into concrete actions&#10;    throw new io.cucumber.java.PendingException();&#10;}&#10;&#10;&#10;Some other steps were also undefined:&#10;&#10;@When(&quot;he or she searches for the holiday place {string}&quot;)&#10;public void he_or_she_searches_for_the_holiday_place(String string) {&#10;    // Write code here that turns the phrase above into concrete actions&#10;    throw new io.cucumber.java.PendingException();&#10;}&#10;@Then(&quot;he or she should be able to see holiday details&quot;)&#10;public void he_or_she_should_be_able_to_see_holiday_details() {&#10;    // Write code here that turns the phrase above into concrete actions&#10;    throw new io.cucumber.java.PendingException();&#10;}&#10;@Then(&quot;should be able to book a holiday trip on the first available date successfully on giving all required information&quot;)&#10;public void should_be_able_to_book_a_holiday_trip_on_the_first_available_date_successfully_on_giving_all_required_information() {&#10;    // Write code here that turns the phrase above into concrete actions&#10;    throw new io.cucumber.java.PendingException();&#10;}&#10;@Then(&quot;should be able to sign up to newsletter&quot;)&#10;public void should_be_able_to_sign_up_to_newsletter() {&#10;    // Write code here that turns the phrase above into concrete actions&#10;    throw new io.cucumber.java.PendingException();&#10;}&#10;" type="io.cucumber.junit.UndefinedStepException"><![CDATA[io.cucumber.junit.UndefinedStepException: 
The step "the user is on the mailtravel website home page" is undefined. You can implement it using the snippet(s) below:

@Given("the user is on the mailtravel website home page")
public void the_user_is_on_the_mailtravel_website_home_page() {
    // Write code here that turns the phrase above into concrete actions
    throw new io.cucumber.java.PendingException();
}


Some other steps were also undefined:

@When("he or she searches for the holiday place {string}")
public void he_or_she_searches_for_the_holiday_place(String string) {
    // Write code here that turns the phrase above into concrete actions
    throw new io.cucumber.java.PendingException();
}
@Then("he or she should be able to see holiday details")
public void he_or_she_should_be_able_to_see_holiday_details() {
    // Write code here that turns the phrase above into concrete actions
    throw new io.cucumber.java.PendingException();
}
@Then("should be able to book a holiday trip on the first available date successfully on giving all required information")
public void should_be_able_to_book_a_holiday_trip_on_the_first_available_date_successfully_on_giving_all_required_information() {
    // Write code here that turns the phrase above into concrete actions
    throw new io.cucumber.java.PendingException();
}
@Then("should be able to sign up to newsletter")
public void should_be_able_to_sign_up_to_newsletter() {
    // Write code here that turns the phrase above into concrete actions
    throw new io.cucumber.java.PendingException();
}

]]></error>
    <system-out><![CDATA[00:35:05.641 [main] DEBUG n.t.c.u.PropertiesFileLocalPreferences - webdriver.driver=chrome

00:35:05.646 [main] DEBUG n.t.c.u.PropertiesFileLocalPreferences - webdriver.chrome.driver=./src/test/resources/drivers/chromedriver

00:35:05.890 [main] INFO  i.c.core.plugin.SerenityReporter - Running feature from file:///Users/preethykrishnamoorthy/Documents/serenity-cucumber_pom-mailtravel/src/test/resources/features/BookAHoliday.feature

00:35:06.116 [main] DEBUG n.t.c.u.PropertiesFileLocalPreferences - webdriver.driver=chrome

00:35:06.116 [main] DEBUG n.t.c.u.PropertiesFileLocalPreferences - webdriver.chrome.driver=./src/test/resources/drivers/chromedriver

00:35:06.121 [main] INFO   - 

-------------------------------------------------------------------------------------
     _______. _______ .______       _______ .__   __.  __  .___________.____    ____ 
    /       ||   ____||   _  \     |   ____||  \ |  | |  | |           |\   \  /   / 
   |   (----`|  |__   |  |_)  |    |  |__   |   \|  | |  | `---|  |----` \   \/   /  
    \   \    |   __|  |      /     |   __|  |  . `  | |  |     |  |       \_    _/   
.----)   |   |  |____ |  |\  \----.|  |____ |  |\   | |  |     |  |         |  |     
|_______/    |_______|| _| `._____||_______||__| \__| |__|     |__|         |__|    
                                                                                     
 News and tutorials at http://www.serenity-bdd.info                                  
 Documentation at https://wakaleo.gitbooks.io/the-serenity-book/content/             
 Join the Serenity Community on Gitter: https://gitter.im/serenity-bdd/serenity-core 
 Serenity BDD Support and Training at http://serenity-bdd.info/#/trainingandsupport  
-------------------------------------------------------------------------------------


00:35:06.123 [main] DEBUG n.thucydides.core.steps.StepEventBus - Test suite started for story net.thucydides.core.model.Story@61790d5e

00:35:06.125 [main] INFO   - Test Suite Started: Book a holiday trip

00:35:06.446 [pool-2-thread-1] INFO   - 
          __  _____ _____ ____ _____   ____  _____ _   _ ____ ___ _   _  ____ 
 _       / / |_   _| ____/ ___|_   _| |  _ \| ____| \ | |  _ \_ _| \ | |/ ___|
(_)____ / /    | | |  _| \___ \ | |   | |_) |  _| |  \| | | | | ||  \| | |  _ 
 |_____/ /     | | | |___ ___) || |   |  __/| |___| |\  | |_| | || |\  | |_| |
(_)   /_/      |_| |_____|____/ |_|   |_|   |_____|_| \_|____/___|_| \_|\____|

User should be able to book a holiday trip via mailtravel website
-------------------------------------------------------------------------------



&amp#27;[33mUndefined scenarios:&amp#27;[0m


&amp#27;[33mfile:///Users/preethykrishnamoorthy/Documents/serenity-cucumber_pom-mailtravel/src/test/resources/features/BookAHoliday.feature:3&amp#27;[0m
# User should be able to book a holiday trip via mailtravel website




1
 Scenarios (
&amp#27;[33m1 undefined&amp#27;[0m
)


5
 Steps (
&amp#27;[36m4 skipped&amp#27;[0m
, 
&amp#27;[33m1 undefined&amp#27;[0m
)


0m
0.582s






You can implement missing steps with the snippets below:




@Given("the user is on the mailtravel website home page")
public void the_user_is_on_the_mailtravel_website_home_page() {
    // Write code here that turns the phrase above into concrete actions
    throw new io.cucumber.java.PendingException();
}




@When("he or she searches for the holiday place {string}")
public void he_or_she_searches_for_the_holiday_place(String string) {
    // Write code here that turns the phrase above into concrete actions
    throw new io.cucumber.java.PendingException();
}




@Then("he or she should be able to see holiday details")
public void he_or_she_should_be_able_to_see_holiday_details() {
    // Write code here that turns the phrase above into concrete actions
    throw new io.cucumber.java.PendingException();
}




@Then("should be able to book a holiday trip on the first available date successfully on giving all required information")
public void should_be_able_to_book_a_holiday_trip_on_the_first_available_date_successfully_on_giving_all_required_information() {
    // Write code here that turns the phrase above into concrete actions
    throw new io.cucumber.java.PendingException();
}




@Then("should be able to sign up to newsletter")
public void should_be_able_to_sign_up_to_newsletter() {
    // Write code here that turns the phrase above into concrete actions
    throw new io.cucumber.java.PendingException();
}






00:35:06.472 [main] DEBUG n.t.core.reports.ReportService - Reporting formats: [JSON, HTML]

00:35:06.528 [main] DEBUG n.t.core.reports.ReportService - Reporting formats: [JSON, HTML]

00:35:06.539 [main] DEBUG n.t.core.reports.ReportService - Generating reports for 1 test outcomes using: net.thucydides.core.reports.json.JSONTestOutcomeReporter@aeab9a1

00:35:06.540 [pool-2-thread-1] DEBUG n.t.core.reports.ReportService - Processing test outcome Book a holiday trip:User should be able to book a holiday trip via mailtravel website

00:35:06.540 [pool-2-thread-1] DEBUG n.t.core.reports.ReportService - net.thucydides.core.reports.json.JSONTestOutcomeReporter@aeab9a1: Generating report for test outcome: Book a holiday trip:User should be able to book a holiday trip via mailtravel website

00:35:06.546 [pool-2-thread-1] DEBUG n.t.c.r.json.JSONTestOutcomeReporter - Generating JSON report for User should be able to book a holiday trip via mailtravel website to file /Users/preethykrishnamoorthy/Documents/serenity-cucumber_pom-mailtravel/target/site/serenity/0dca0e470415264c32c93d2a4e8a4bf7864e7f194971ae30290914efd3c5637c.json (using temp file /Users/preethykrishnamoorthy/Documents/serenity-cucumber_pom-mailtravel/target/site/serenity/0dca0e470415264c32c93d2a4e8a4bf7864e7f194971ae30290914efd3c5637c.jsonf1c4528f-5e58-4b96-a2ee-6d766fcc2ae0)

00:35:06.575 [pool-2-thread-1] DEBUG n.t.core.reports.ReportService - Processing test outcome Book a holiday trip:User should be able to book a holiday trip via mailtravel website done

00:35:06.575 [main] DEBUG n.t.core.reports.ReportService - Shutting down executor service

00:35:06.576 [main] DEBUG n.t.core.reports.ReportService - Reports generated in: 37 ms

00:35:06.576 [main] DEBUG n.t.core.reports.ReportService - Generating reports for 1 test outcomes using: net.thucydides.core.reports.html.HtmlAcceptanceTestReporter@207ea13

00:35:06.576 [pool-3-thread-1] DEBUG n.t.core.reports.ReportService - Processing test outcome Book a holiday trip:User should be able to book a holiday trip via mailtravel website

00:35:06.576 [pool-3-thread-1] DEBUG n.t.core.reports.ReportService - net.thucydides.core.reports.html.HtmlAcceptanceTestReporter@207ea13: Generating report for test outcome: Book a holiday trip:User should be able to book a holiday trip via mailtravel website

00:35:06.577 [pool-3-thread-1] DEBUG n.t.c.r.h.HtmlAcceptanceTestReporter - GENERATE TEST OUTCOME REPORT FOR User should be able to book a holiday trip via mailtravel website in 0dca0e470415264c32c93d2a4e8a4bf7864e7f194971ae30290914efd3c5637c

00:35:06.594 [pool-3-thread-1] DEBUG n.t.c.r.m.cucumber.CucumberParser - Added feature Book a holiday trip

00:35:06.594 [pool-3-thread-1] DEBUG n.t.c.r.RequirementsTagProvider -  found:[Requirement{name='Book a holiday trip', type='feature' parent = 'null', cardNumber='null'}]

00:35:06.600 [pool-3-thread-1] DEBUG n.t.c.r.BaseRequirementsService - Requirement found for test outcome User should be able to book a holiday trip via mailtravel website-[]: Optional[Requirement{name='Book a holiday trip', type='feature' parent = 'null', cardNumber='null'}]

00:35:06.601 [pool-3-thread-1] DEBUG n.t.c.r.BaseRequirementsService - Requirement found for test outcome User should be able to book a holiday trip via mailtravel website-[]: Optional[Requirement{name='Book a holiday trip', type='feature' parent = 'null', cardNumber='null'}]

00:35:06.663 [pool-3-thread-1] DEBUG n.t.c.r.h.HtmlAcceptanceTestReporter - GENERATING HTML REPORT FOR Book a holiday trip:User should be able to book a holiday trip via mailtravel website in 0dca0e470415264c32c93d2a4e8a4bf7864e7f194971ae30290914efd3c5637c.html in directory target/site/serenity  

00:35:06.664 [pool-3-thread-1] DEBUG n.t.c.r.h.HtmlAcceptanceTestReporter - Generating report in 0dca0e470415264c32c93d2a4e8a4bf7864e7f194971ae30290914efd3c5637c.html

00:35:06.996 [pool-3-thread-1] DEBUG n.t.c.r.h.HtmlAcceptanceTestReporter - Generated report 0dca0e470415264c32c93d2a4e8a4bf7864e7f194971ae30290914efd3c5637c.html in 332 ms

00:35:06.996 [pool-3-thread-1] DEBUG n.t.core.reports.ReportService - Processing test outcome Book a holiday trip:User should be able to book a holiday trip via mailtravel website done

00:35:06.996 [main] DEBUG n.t.core.reports.ReportService - Shutting down executor service

00:35:06.997 [main] DEBUG n.t.core.reports.ReportService - Reports generated in: 421 ms

00:35:06.257 [pool-2-thread-1] INFO  i.c.core.plugin.SerenityReporter - Running feature from file:///Users/preethykrishnamoorthy/Documents/serenity-cucumber_pom-mailtravel/src/test/resources/features/BookAHoliday.feature
00:35:06.318 [pool-2-thread-1] INFO   - 
 _____ _____ ____ _____   ____ _____  _    ____ _____ _____ ____  
|_   _| ____/ ___|_   _| / ___|_   _|/ \  |  _ \_   _| ____|  _ \ 
  | | |  _| \___ \ | |   \___ \ | | / _ \ | |_) || | |  _| | | | |
  | | | |___ ___) || |    ___) || |/ ___ \|  _ < | | | |___| |_| |
  |_| |_____|____/ |_|   |____/ |_/_/   \_\_| \_\|_| |_____|____/ 

User should be able to book a holiday trip via mailtravel website(book-a-holiday-trip;user-should-be-able-to-book-a-holiday-trip-via-mailtravel-website)
-------------------------------------------------------------------
00:35:06.367 [pool-2-thread-1] DEBUG n.t.c.r.m.cucumber.CucumberParser - Added feature Book a holiday trip
]]></system-out>
  </testcase>
</testsuite>